<?xml version="1.0" encoding="UTF-8"?>
<testsuite name="CartTest" tests="1" skipped="0" failures="0" errors="0" timestamp="2022-12-18T10:20:28" hostname="TAKESHIBANK" time="0.015">
  <properties/>
  <testcase name="getUniqueItemCount()" classname="CartTest" time="0.015"/>
  <system-out><![CDATA[]]></system-out>
  <system-err><![CDATA[]]></system-err>
</testsuite>
